<?xml version="1.0" encoding="UTF-8"?>
<testng-results ignored="0" total="4" passed="3" failed="1" skipped="0">
  <reporter-output>
  </reporter-output>
  <suite started-at="2023-01-18T06:23:37 EST" name="Default suite" finished-at="2023-01-18T06:24:19 EST" duration-ms="41352">
    <groups>
    </groups>
    <test started-at="2023-01-18T06:23:37 EST" name="Default test" finished-at="2023-01-18T06:24:19 EST" duration-ms="41352">
      <class name="TestCases.FWA_028">
        <test-method is-config="true" signature="setup()[pri:0, instance:TestCases.FWA_028@7bab3f1a]" started-at="2023-01-18T06:23:37 EST" name="setup" finished-at="2023-01-18T06:23:48 EST" duration-ms="10905" status="PASS">
          <reporter-output>
          </reporter-output>
        </test-method> <!-- setup -->
        <test-method signature="Login()[pri:1, instance:TestCases.FWA_028@7bab3f1a]" started-at="2023-01-18T06:23:48 EST" name="Login" finished-at="2023-01-18T06:23:52 EST" duration-ms="4015" status="PASS">
          <reporter-output>
          </reporter-output>
        </test-method> <!-- Login -->
        <test-method signature="OrderNow()[pri:2, instance:TestCases.FWA_028@7bab3f1a]" started-at="2023-01-18T06:23:52 EST" name="OrderNow" finished-at="2023-01-18T06:24:04 EST" duration-ms="11942" status="PASS">
          <reporter-output>
          </reporter-output>
        </test-method> <!-- OrderNow -->
        <test-method signature="OrderScheduling()[pri:3, instance:TestCases.FWA_028@7bab3f1a]" started-at="2023-01-18T06:24:04 EST" name="OrderScheduling" finished-at="2023-01-18T06:24:09 EST" duration-ms="5179" status="PASS">
          <reporter-output>
          </reporter-output>
        </test-method> <!-- OrderScheduling -->
        <test-method signature="CheckOut()[pri:4, instance:TestCases.FWA_028@7bab3f1a]" started-at="2023-01-18T06:24:09 EST" name="CheckOut" finished-at="2023-01-18T06:24:19 EST" duration-ms="9269" status="FAIL">
          <exception class="java.lang.NullPointerException">
            <message>
              <![CDATA[Cannot invoke "org.openqa.selenium.WebElement.click()" because "this.selectPaymentMethod" is null]]>
            </message>
            <full-stacktrace>
              <![CDATA[java.lang.NullPointerException: Cannot invoke "org.openqa.selenium.WebElement.click()" because "this.selectPaymentMethod" is null
at PageObjects.GiftCardsPage.SelectPaymentMethod(GiftCardsPage.java:50)
at TestCases.FWA_028.CheckOut(FWA_028.java:135)
at java.base/jdk.internal.reflect.NativeMethodAccessorImpl.invoke0(Native Method)
at java.base/jdk.internal.reflect.NativeMethodAccessorImpl.invoke(NativeMethodAccessorImpl.java:77)
at java.base/jdk.internal.reflect.DelegatingMethodAccessorImpl.invoke(DelegatingMethodAccessorImpl.java:43)
at java.base/java.lang.reflect.Method.invoke(Method.java:568)
at org.testng.internal.MethodInvocationHelper.invokeMethod(MethodInvocationHelper.java:133)
at org.testng.internal.TestInvoker.invokeMethod(TestInvoker.java:598)
at org.testng.internal.TestInvoker.invokeTestMethod(TestInvoker.java:173)
at org.testng.internal.MethodRunner.runInSequence(MethodRunner.java:46)
at org.testng.internal.TestInvoker$MethodInvocationAgent.invoke(TestInvoker.java:824)
at org.testng.internal.TestInvoker.invokeTestMethods(TestInvoker.java:146)
at org.testng.internal.TestMethodWorker.invokeTestMethods(TestMethodWorker.java:146)
at org.testng.internal.TestMethodWorker.run(TestMethodWorker.java:128)
at java.base/java.util.ArrayList.forEach(ArrayList.java:1511)
at org.testng.TestRunner.privateRun(TestRunner.java:794)
at org.testng.TestRunner.run(TestRunner.java:596)
at org.testng.SuiteRunner.runTest(SuiteRunner.java:377)
at org.testng.SuiteRunner.runSequentially(SuiteRunner.java:371)
at org.testng.SuiteRunner.privateRun(SuiteRunner.java:332)
at org.testng.SuiteRunner.run(SuiteRunner.java:276)
at org.testng.SuiteRunnerWorker.runSuite(SuiteRunnerWorker.java:53)
at org.testng.SuiteRunnerWorker.run(SuiteRunnerWorker.java:96)
at org.testng.TestNG.runSuitesSequentially(TestNG.java:1212)
at org.testng.TestNG.runSuitesLocally(TestNG.java:1134)
at org.testng.TestNG.runSuites(TestNG.java:1063)
at org.testng.TestNG.run(TestNG.java:1031)
at org.testng.remote.AbstractRemoteTestNG.run(AbstractRemoteTestNG.java:115)
at org.testng.remote.RemoteTestNG.initAndRun(RemoteTestNG.java:251)
at org.testng.remote.RemoteTestNG.main(RemoteTestNG.java:77)
]]>
            </full-stacktrace>
          </exception> <!-- java.lang.NullPointerException -->
          <reporter-output>
          </reporter-output>
        </test-method> <!-- CheckOut -->
        <test-method is-config="true" signature="tearDown()[pri:0, instance:TestCases.FWA_028@7bab3f1a]" started-at="2023-01-18T06:24:19 EST" name="tearDown" finished-at="2023-01-18T06:24:19 EST" duration-ms="1" status="PASS">
          <reporter-output>
          </reporter-output>
        </test-method> <!-- tearDown -->
      </class> <!-- TestCases.FWA_028 -->
    </test> <!-- Default test -->
  </suite> <!-- Default suite -->
</testng-results>
